<?xml version="1.0" encoding="UTF-8" standalone="yes"?><!DOCTYPE report PUBLIC "-//JACOCO//DTD Report 1.1//EN" "report.dtd"><report name="koi-kapers"><sessioninfo id="Areking-Lair-6eb95544" start="1701377675229" dump="1701377707952"/><sessioninfo id="Areking-Lair-6e55658b" start="1701377770636" dump="1701377805708"/><sessioninfo id="Areking-Lair-9387f322" start="1701378353722" dump="1701378377223"/><package name="com/mycompany/app"><class name="com/mycompany/app/Game" sourcefilename="Game.java"><method name="&lt;init&gt;" desc="()V" line="35"><counter type="INSTRUCTION" missed="0" covered="110"/><counter type="LINE" missed="0" covered="26"/><counter type="COMPLEXITY" missed="0" covered="1"/><counter type="METHOD" missed="0" covered="1"/></method><method name="startGame" desc="()V" line="76"><counter type="INSTRUCTION" missed="0" covered="10"/><counter type="LINE" missed="0" covered="3"/><counter type="COMPLEXITY" missed="0" covered="1"/><counter type="METHOD" missed="0" covered="1"/></method><method name="run" desc="()V" line="87"><counter type="INSTRUCTION" missed="1" covered="35"/><counter type="BRANCH" missed="1" covered="3"/><counter type="LINE" missed="1" covered="11"/><counter type="COMPLEXITY" missed="1" covered="2"/><counter type="METHOD" missed="0" covered="1"/></method><method name="update" desc="()V" line="110"><counter type="INSTRUCTION" missed="4" covered="25"/><counter type="BRANCH" missed="1" covered="3"/><counter type="LINE" missed="1" covered="5"/><counter type="COMPLEXITY" missed="1" covered="2"/><counter type="METHOD" missed="0" covered="1"/></method><method name="paintComponent" desc="(Ljava/awt/Graphics;)V" line="124"><counter type="INSTRUCTION" missed="256" covered="297"/><counter type="BRANCH" missed="4" covered="8"/><counter type="LINE" missed="35" covered="41"/><counter type="COMPLEXITY" missed="4" covered="3"/><counter type="METHOD" missed="0" covered="1"/></method><method name="restart" desc="()V" line="232"><counter type="INSTRUCTION" missed="23" covered="0"/><counter type="LINE" missed="7" covered="0"/><counter type="COMPLEXITY" missed="1" covered="0"/><counter type="METHOD" missed="1" covered="0"/></method><method name="nextLevel" desc="()V" line="244"><counter type="INSTRUCTION" missed="6" covered="36"/><counter type="BRANCH" missed="1" covered="3"/><counter type="LINE" missed="1" covered="10"/><counter type="COMPLEXITY" missed="1" covered="2"/><counter type="METHOD" missed="0" covered="1"/></method><counter type="INSTRUCTION" missed="290" covered="513"/><counter type="BRANCH" missed="7" covered="17"/><counter type="LINE" missed="45" covered="96"/><counter type="COMPLEXITY" missed="8" covered="11"/><counter type="METHOD" missed="1" covered="6"/><counter type="CLASS" missed="0" covered="1"/></class><class name="com/mycompany/app/Player" sourcefilename="Player.java"><method name="&lt;init&gt;" desc="(Lcom/mycompany/app/Game;Lcom/mycompany/app/KeyHandler;)V" line="20"><counter type="INSTRUCTION" missed="0" covered="44"/><counter type="LINE" missed="0" covered="11"/><counter type="COMPLEXITY" missed="0" covered="1"/><counter type="METHOD" missed="0" covered="1"/></method><method name="setPlayerLocation" desc="(II)V" line="43"><counter type="INSTRUCTION" missed="0" covered="19"/><counter type="LINE" missed="0" covered="3"/><counter type="COMPLEXITY" missed="0" covered="1"/><counter type="METHOD" missed="0" covered="1"/></method><method name="update" desc="()V" line="51"><counter type="INSTRUCTION" missed="34" covered="196"/><counter type="BRANCH" missed="8" covered="39"/><counter type="LINE" missed="2" covered="45"/><counter type="COMPLEXITY" missed="7" covered="18"/><counter type="METHOD" missed="0" covered="1"/></method><method name="draw" desc="(Ljava/awt/Graphics2D;)V" line="126"><counter type="INSTRUCTION" missed="84" covered="169"/><counter type="BRANCH" missed="2" covered="2"/><counter type="LINE" missed="7" covered="11"/><counter type="COMPLEXITY" missed="2" covered="1"/><counter type="METHOD" missed="0" covered="1"/></method><method name="collectReward" desc="(Lcom/mycompany/app/Cell;)V" line="163"><counter type="INSTRUCTION" missed="0" covered="8"/><counter type="LINE" missed="0" covered="2"/><counter type="COMPLEXITY" missed="0" covered="1"/><counter type="METHOD" missed="0" covered="1"/></method><method name="collectPenalty" desc="(Lcom/mycompany/app/Cell;)V" line="172"><counter type="INSTRUCTION" missed="0" covered="8"/><counter type="LINE" missed="0" covered="2"/><counter type="COMPLEXITY" missed="0" covered="1"/><counter type="METHOD" missed="0" covered="1"/></method><method name="resetTime" desc="()V" line="179"><counter type="INSTRUCTION" missed="0" covered="4"/><counter type="LINE" missed="0" covered="2"/><counter type="COMPLEXITY" missed="0" covered="1"/><counter type="METHOD" missed="0" covered="1"/></method><method name="hide" desc="(II)V" line="186"><counter type="INSTRUCTION" missed="0" covered="22"/><counter type="LINE" missed="0" covered="4"/><counter type="COMPLEXITY" missed="0" covered="1"/><counter type="METHOD" missed="0" covered="1"/></method><counter type="INSTRUCTION" missed="118" covered="470"/><counter type="BRANCH" missed="10" covered="41"/><counter type="LINE" missed="9" covered="80"/><counter type="COMPLEXITY" missed="9" covered="25"/><counter type="METHOD" missed="0" covered="8"/><counter type="CLASS" missed="0" covered="1"/></class><class name="com/mycompany/app/Raccoon" sourcefilename="Raccoon.java"><method name="&lt;init&gt;" desc="(Lcom/mycompany/app/Game;Lcom/mycompany/app/KeyHandler;)V" line="10"><counter type="INSTRUCTION" missed="0" covered="35"/><counter type="LINE" missed="0" covered="8"/><counter type="COMPLEXITY" missed="0" covered="1"/><counter type="METHOD" missed="0" covered="1"/></method><method name="setLocation" desc="(II)V" line="31"><counter type="INSTRUCTION" missed="0" covered="19"/><counter type="LINE" missed="0" covered="3"/><counter type="COMPLEXITY" missed="0" covered="1"/><counter type="METHOD" missed="0" covered="1"/></method><method name="update" desc="(II)V" line="42"><counter type="INSTRUCTION" missed="18" covered="89"/><counter type="BRANCH" missed="5" covered="7"/><counter type="LINE" missed="4" covered="19"/><counter type="COMPLEXITY" missed="5" covered="4"/><counter type="METHOD" missed="0" covered="1"/></method><method name="draw" desc="(Ljava/awt/Graphics2D;)V" line="104"><counter type="INSTRUCTION" missed="0" covered="21"/><counter type="LINE" missed="0" covered="2"/><counter type="COMPLEXITY" missed="0" covered="1"/><counter type="METHOD" missed="0" covered="1"/></method><method name="searchPath" desc="(II)V" line="113"><counter type="INSTRUCTION" missed="120" covered="196"/><counter type="BRANCH" missed="32" covered="23"/><counter type="LINE" missed="35" covered="27"/><counter type="COMPLEXITY" missed="22" covered="8"/><counter type="METHOD" missed="0" covered="1"/></method><counter type="INSTRUCTION" missed="138" covered="360"/><counter type="BRANCH" missed="37" covered="30"/><counter type="LINE" missed="39" covered="59"/><counter type="COMPLEXITY" missed="27" covered="15"/><counter type="METHOD" missed="0" covered="5"/><counter type="CLASS" missed="0" covered="1"/></class><class name="com/mycompany/app/Board" sourcefilename="Board.java"><method name="&lt;init&gt;" desc="(Lcom/mycompany/app/Game;Ljava/lang/String;)V" line="16"><counter type="INSTRUCTION" missed="0" covered="27"/><counter type="LINE" missed="0" covered="7"/><counter type="COMPLEXITY" missed="0" covered="1"/><counter type="METHOD" missed="0" covered="1"/></method><method name="loadMap" desc="(Ljava/lang/String;)V" line="36"><counter type="INSTRUCTION" missed="3" covered="110"/><counter type="BRANCH" missed="1" covered="11"/><counter type="LINE" missed="1" covered="21"/><counter type="COMPLEXITY" missed="1" covered="6"/><counter type="METHOD" missed="0" covered="1"/></method><method name="getCellImage" desc="()V" line="84"><counter type="INSTRUCTION" missed="3" covered="232"/><counter type="LINE" missed="1" covered="32"/><counter type="COMPLEXITY" missed="0" covered="1"/><counter type="METHOD" missed="0" covered="1"/></method><method name="draw" desc="(Ljava/awt/Graphics2D;)V" line="138"><counter type="INSTRUCTION" missed="0" covered="175"/><counter type="BRANCH" missed="1" covered="17"/><counter type="LINE" missed="0" covered="21"/><counter type="COMPLEXITY" missed="1" covered="9"/><counter type="METHOD" missed="0" covered="1"/></method><method name="removeObject" desc="(II)V" line="175"><counter type="INSTRUCTION" missed="0" covered="27"/><counter type="BRANCH" missed="1" covered="3"/><counter type="LINE" missed="0" covered="6"/><counter type="COMPLEXITY" missed="1" covered="2"/><counter type="METHOD" missed="0" covered="1"/></method><method name="openEnd" desc="()V" line="188"><counter type="INSTRUCTION" missed="0" covered="17"/><counter type="LINE" missed="0" covered="3"/><counter type="COMPLEXITY" missed="0" covered="1"/><counter type="METHOD" missed="0" covered="1"/></method><counter type="INSTRUCTION" missed="6" covered="588"/><counter type="BRANCH" missed="3" covered="31"/><counter type="LINE" missed="2" covered="90"/><counter type="COMPLEXITY" missed="3" covered="20"/><counter type="METHOD" missed="0" covered="6"/><counter type="CLASS" missed="0" covered="1"/></class><class name="com/mycompany/app/KeyHandler" sourcefilename="KeyHandler.java"><method name="&lt;init&gt;" desc="(Lcom/mycompany/app/Board;Lcom/mycompany/app/Game;)V" line="17"><counter type="INSTRUCTION" missed="0" covered="9"/><counter type="LINE" missed="0" covered="4"/><counter type="COMPLEXITY" missed="0" covered="1"/><counter type="METHOD" missed="0" covered="1"/></method><method name="keyPressed" desc="(Ljava/awt/event/KeyEvent;)V" line="28"><counter type="INSTRUCTION" missed="134" covered="79"/><counter type="BRANCH" missed="55" covered="20"/><counter type="LINE" missed="56" covered="31"/><counter type="COMPLEXITY" missed="37" covered="11"/><counter type="METHOD" missed="0" covered="1"/></method><method name="keyReleased" desc="(Ljava/awt/event/KeyEvent;)V" line="192"><counter type="INSTRUCTION" missed="0" covered="19"/><counter type="BRANCH" missed="1" covered="4"/><counter type="LINE" missed="0" covered="9"/><counter type="COMPLEXITY" missed="1" covered="4"/><counter type="METHOD" missed="0" covered="1"/></method><method name="keyTyped" desc="(Ljava/awt/event/KeyEvent;)V" line="214"><counter type="INSTRUCTION" missed="1" covered="0"/><counter type="LINE" missed="1" covered="0"/><counter type="COMPLEXITY" missed="1" covered="0"/><counter type="METHOD" missed="1" covered="0"/></method><counter type="INSTRUCTION" missed="135" covered="107"/><counter type="BRANCH" missed="56" covered="24"/><counter type="LINE" missed="57" covered="44"/><counter type="COMPLEXITY" missed="39" covered="16"/><counter type="METHOD" missed="1" covered="3"/><counter type="CLASS" missed="0" covered="1"/></class><class name="com/mycompany/app/Cell" sourcefilename="Cell.java"><method name="&lt;init&gt;" desc="()V" line="8"><counter type="INSTRUCTION" missed="0" covered="9"/><counter type="LINE" missed="0" covered="3"/><counter type="COMPLEXITY" missed="0" covered="1"/><counter type="METHOD" missed="0" covered="1"/></method><counter type="INSTRUCTION" missed="0" covered="9"/><counter type="LINE" missed="0" covered="3"/><counter type="COMPLEXITY" missed="0" covered="1"/><counter type="METHOD" missed="0" covered="1"/><counter type="CLASS" missed="0" covered="1"/></class><class name="com/mycompany/app/Entity" sourcefilename="Entity.java"><method name="&lt;init&gt;" desc="()V" line="12"><counter type="INSTRUCTION" missed="0" covered="39"/><counter type="LINE" missed="0" covered="9"/><counter type="COMPLEXITY" missed="0" covered="1"/><counter type="METHOD" missed="0" covered="1"/></method><method name="loadImages" desc="(Ljava/lang/String;)V" line="45"><counter type="INSTRUCTION" missed="3" covered="102"/><counter type="BRANCH" missed="0" covered="7"/><counter type="LINE" missed="1" covered="14"/><counter type="COMPLEXITY" missed="0" covered="5"/><counter type="METHOD" missed="0" covered="1"/></method><method name="draw" desc="()Ljava/awt/image/BufferedImage;" line="74"><counter type="INSTRUCTION" missed="20" covered="29"/><counter type="BRANCH" missed="2" covered="3"/><counter type="LINE" missed="4" covered="6"/><counter type="COMPLEXITY" missed="2" covered="3"/><counter type="METHOD" missed="0" covered="1"/></method><counter type="INSTRUCTION" missed="23" covered="170"/><counter type="BRANCH" missed="2" covered="10"/><counter type="LINE" missed="5" covered="29"/><counter type="COMPLEXITY" missed="2" covered="9"/><counter type="METHOD" missed="0" covered="3"/><counter type="CLASS" missed="0" covered="1"/></class><class name="com/mycompany/app/Main" sourcefilename="Main.java"><method name="&lt;init&gt;" desc="()V" line="8"><counter type="INSTRUCTION" missed="3" covered="0"/><counter type="LINE" missed="1" covered="0"/><counter type="COMPLEXITY" missed="1" covered="0"/><counter type="METHOD" missed="1" covered="0"/></method><method name="main" desc="([Ljava/lang/String;)V" line="14"><counter type="INSTRUCTION" missed="0" covered="30"/><counter type="LINE" missed="0" covered="10"/><counter type="COMPLEXITY" missed="0" covered="1"/><counter type="METHOD" missed="0" covered="1"/></method><counter type="INSTRUCTION" missed="3" covered="30"/><counter type="LINE" missed="1" covered="10"/><counter type="COMPLEXITY" missed="1" covered="1"/><counter type="METHOD" missed="1" covered="1"/><counter type="CLASS" missed="0" covered="1"/></class><class name="com/mycompany/app/Node" sourcefilename="Node.java"><method name="&lt;init&gt;" desc="(II)V" line="19"><counter type="INSTRUCTION" missed="0" covered="9"/><counter type="LINE" missed="0" covered="4"/><counter type="COMPLEXITY" missed="0" covered="1"/><counter type="METHOD" missed="0" covered="1"/></method><counter type="INSTRUCTION" missed="0" covered="9"/><counter type="LINE" missed="0" covered="4"/><counter type="COMPLEXITY" missed="0" covered="1"/><counter type="METHOD" missed="0" covered="1"/><counter type="CLASS" missed="0" covered="1"/></class><class name="com/mycompany/app/PopUp" sourcefilename="PopUp.java"><method name="&lt;clinit&gt;" desc="()V" line="16"><counter type="INSTRUCTION" missed="0" covered="3"/><counter type="LINE" missed="0" covered="1"/><counter type="COMPLEXITY" missed="0" covered="1"/><counter type="METHOD" missed="0" covered="1"/></method><method name="&lt;init&gt;" desc="(Lcom/mycompany/app/Game;)V" line="22"><counter type="INSTRUCTION" missed="11" covered="53"/><counter type="BRANCH" missed="2" covered="2"/><counter type="LINE" missed="1" covered="12"/><counter type="COMPLEXITY" missed="2" covered="1"/><counter type="METHOD" missed="0" covered="1"/></method><method name="displayTitleMessage" desc="(Ljava/awt/Graphics2D;Ljava/lang/String;IILjava/awt/Color;)V" line="45"><counter type="INSTRUCTION" missed="0" covered="13"/><counter type="LINE" missed="0" covered="4"/><counter type="COMPLEXITY" missed="0" covered="1"/><counter type="METHOD" missed="0" covered="1"/></method><method name="displaySubtitleMessage" desc="(Ljava/awt/Graphics2D;Ljava/lang/String;IILjava/awt/Color;I)V" line="61"><counter type="INSTRUCTION" missed="0" covered="36"/><counter type="BRANCH" missed="0" covered="2"/><counter type="LINE" missed="0" covered="7"/><counter type="COMPLEXITY" missed="0" covered="2"/><counter type="METHOD" missed="0" covered="1"/></method><method name="displaySubtitleMessage" desc="(Ljava/awt/Graphics2D;Ljava/lang/String;IILjava/awt/Color;)V" line="82"><counter type="INSTRUCTION" missed="0" covered="26"/><counter type="LINE" missed="0" covered="5"/><counter type="COMPLEXITY" missed="0" covered="1"/><counter type="METHOD" missed="0" covered="1"/></method><method name="displaySystemText" desc="(Ljava/awt/Graphics2D;Ljava/lang/String;IILjava/awt/Color;)V" line="97"><counter type="INSTRUCTION" missed="0" covered="26"/><counter type="LINE" missed="0" covered="5"/><counter type="COMPLEXITY" missed="0" covered="1"/><counter type="METHOD" missed="0" covered="1"/></method><method name="displaySubtitleRules" desc="(Ljava/awt/Graphics2D;Ljava/lang/String;IILjava/awt/Color;Ljava/awt/image/BufferedImage;)V" line="114"><counter type="INSTRUCTION" missed="0" covered="19"/><counter type="LINE" missed="0" covered="3"/><counter type="COMPLEXITY" missed="0" covered="1"/><counter type="METHOD" missed="0" covered="1"/></method><method name="displayKeyCaps" desc="(Ljava/awt/Graphics2D;IILjava/awt/image/BufferedImage;)V" line="126"><counter type="INSTRUCTION" missed="0" covered="10"/><counter type="LINE" missed="0" covered="2"/><counter type="COMPLEXITY" missed="0" covered="1"/><counter type="METHOD" missed="0" covered="1"/></method><counter type="INSTRUCTION" missed="11" covered="186"/><counter type="BRANCH" missed="2" covered="4"/><counter type="LINE" missed="1" covered="39"/><counter type="COMPLEXITY" missed="2" covered="9"/><counter type="METHOD" missed="0" covered="8"/><counter type="CLASS" missed="0" covered="1"/></class><class name="com/mycompany/app/CollisionHandler" sourcefilename="CollisionHandler.java"><method name="&lt;init&gt;" desc="(Lcom/mycompany/app/Game;)V" line="12"><counter type="INSTRUCTION" missed="0" covered="9"/><counter type="LINE" missed="0" covered="4"/><counter type="COMPLEXITY" missed="0" covered="1"/><counter type="METHOD" missed="0" covered="1"/></method><method name="checkCollison" desc="(Lcom/mycompany/app/Entity;)V" line="28"><counter type="INSTRUCTION" missed="0" covered="337"/><counter type="BRANCH" missed="4" covered="25"/><counter type="LINE" missed="0" covered="46"/><counter type="COMPLEXITY" missed="4" covered="13"/><counter type="METHOD" missed="0" covered="1"/></method><method name="checkInteraction" desc="(III)V" line="114"><counter type="INSTRUCTION" missed="53" covered="0"/><counter type="BRANCH" missed="8" covered="0"/><counter type="LINE" missed="11" covered="0"/><counter type="COMPLEXITY" missed="5" covered="0"/><counter type="METHOD" missed="1" covered="0"/></method><method name="checkGameOver" desc="(Lcom/mycompany/app/Entity;Lcom/mycompany/app/Entity;)Z" line="137"><counter type="INSTRUCTION" missed="0" covered="48"/><counter type="LINE" missed="0" covered="3"/><counter type="COMPLEXITY" missed="0" covered="1"/><counter type="METHOD" missed="0" covered="1"/></method><method name="checkGameWin" desc="(IIII)Z" line="152"><counter type="INSTRUCTION" missed="0" covered="27"/><counter type="BRANCH" missed="3" covered="5"/><counter type="LINE" missed="0" covered="4"/><counter type="COMPLEXITY" missed="3" covered="2"/><counter type="METHOD" missed="0" covered="1"/></method><method name="checkPlayerInteraction" desc="(IIIIII)V" line="160"><counter type="INSTRUCTION" missed="72" covered="37"/><counter type="BRANCH" missed="42" covered="12"/><counter type="LINE" missed="11" covered="5"/><counter type="COMPLEXITY" missed="27" covered="1"/><counter type="METHOD" missed="0" covered="1"/></method><counter type="INSTRUCTION" missed="125" covered="458"/><counter type="BRANCH" missed="57" covered="42"/><counter type="LINE" missed="22" covered="62"/><counter type="COMPLEXITY" missed="39" covered="18"/><counter type="METHOD" missed="1" covered="5"/><counter type="CLASS" missed="0" covered="1"/></class><class name="com/mycompany/app/PathFinder" sourcefilename="PathFinder.java"><method name="&lt;init&gt;" desc="(Lcom/mycompany/app/Game;)V" line="10"><counter type="INSTRUCTION" missed="0" covered="24"/><counter type="LINE" missed="0" covered="8"/><counter type="COMPLEXITY" missed="0" covered="1"/><counter type="METHOD" missed="0" covered="1"/></method><method name="createNodes" desc="()V" line="28"><counter type="INSTRUCTION" missed="0" covered="47"/><counter type="BRANCH" missed="0" covered="4"/><counter type="LINE" missed="0" covered="9"/><counter type="COMPLEXITY" missed="0" covered="3"/><counter type="METHOD" missed="0" covered="1"/></method><method name="resetNodes" desc="()V" line="45"><counter type="INSTRUCTION" missed="0" covered="59"/><counter type="BRANCH" missed="0" covered="4"/><counter type="LINE" missed="0" covered="14"/><counter type="COMPLEXITY" missed="0" covered="3"/><counter type="METHOD" missed="0" covered="1"/></method><method name="setNodes" desc="(IIII)V" line="71"><counter type="INSTRUCTION" missed="0" covered="92"/><counter type="BRANCH" missed="0" covered="8"/><counter type="LINE" missed="0" covered="16"/><counter type="COMPLEXITY" missed="0" covered="5"/><counter type="METHOD" missed="0" covered="1"/></method><method name="getCost" desc="(Lcom/mycompany/app/Node;)V" line="103"><counter type="INSTRUCTION" missed="0" covered="50"/><counter type="LINE" missed="0" covered="8"/><counter type="COMPLEXITY" missed="0" covered="1"/><counter type="METHOD" missed="0" covered="1"/></method><method name="search" desc="()Z" line="123"><counter type="INSTRUCTION" missed="1" covered="176"/><counter type="BRANCH" missed="6" covered="18"/><counter type="LINE" missed="1" covered="30"/><counter type="COMPLEXITY" missed="6" covered="7"/><counter type="METHOD" missed="0" covered="1"/></method><method name="openNode" desc="(Lcom/mycompany/app/Node;)V" line="174"><counter type="INSTRUCTION" missed="0" covered="22"/><counter type="BRANCH" missed="0" covered="6"/><counter type="LINE" missed="0" covered="5"/><counter type="COMPLEXITY" missed="0" covered="4"/><counter type="METHOD" missed="0" covered="1"/></method><method name="trackPath" desc="()V" line="185"><counter type="INSTRUCTION" missed="0" covered="17"/><counter type="BRANCH" missed="0" covered="2"/><counter type="LINE" missed="0" covered="5"/><counter type="COMPLEXITY" missed="0" covered="2"/><counter type="METHOD" missed="0" covered="1"/></method><counter type="INSTRUCTION" missed="1" covered="487"/><counter type="BRANCH" missed="6" covered="42"/><counter type="LINE" missed="1" covered="95"/><counter type="COMPLEXITY" missed="6" covered="26"/><counter type="METHOD" missed="0" covered="8"/><counter type="CLASS" missed="0" covered="1"/></class><sourcefile name="Raccoon.java"><line nr="10" mi="0" ci="3" mb="0" cb="0"/><line nr="17" mi="0" ci="2" mb="0" cb="0"/><line nr="18" mi="0" ci="3" mb="0" cb="0"/><line nr="19" mi="0" ci="3" mb="0" cb="0"/><line nr="21" mi="0" ci="3" mb="0" cb="0"/><line nr="22" mi="0" ci="17" mb="0" cb="0"/><line nr="23" mi="0" ci="3" mb="0" cb="0"/><line nr="24" mi="0" ci="1" mb="0" cb="0"/><line nr="31" mi="0" ci="9" mb="0" cb="0"/><line nr="32" mi="0" ci="9" mb="0" cb="0"/><line nr="33" mi="0" ci="1" mb="0" cb="0"/><line nr="42" mi="0" ci="14" mb="0" cb="0"/><line nr="43" mi="0" ci="14" mb="0" cb="0"/><line nr="45" mi="0" ci="4" mb="0" cb="0"/><line nr="47" mi="0" ci="3" mb="0" cb="0"/><line nr="48" mi="0" ci="5" mb="0" cb="0"/><line nr="50" mi="0" ci="3" mb="1" cb="1"/><line nr="51" mi="0" ci="6" mb="2" cb="3"/><line nr="53" mi="7" ci="0" mb="0" cb="0"/><line nr="54" mi="1" ci="0" mb="0" cb="0"/><line nr="57" mi="0" ci="7" mb="0" cb="0"/><line nr="58" mi="0" ci="1" mb="0" cb="0"/><line nr="61" mi="0" ci="7" mb="0" cb="0"/><line nr="62" mi="0" ci="1" mb="0" cb="0"/><line nr="65" mi="7" ci="0" mb="0" cb="0"/><line nr="67" mi="0" ci="5" mb="0" cb="0"/><line nr="69" mi="0" ci="1" mb="0" cb="0"/><line nr="71" mi="0" ci="4" mb="0" cb="2"/><line nr="78" mi="0" ci="3" mb="2" cb="1"/><line nr="87" mi="0" ci="6" mb="0" cb="0"/><line nr="88" mi="0" ci="1" mb="0" cb="0"/><line nr="91" mi="3" ci="0" mb="0" cb="0"/><line nr="94" mi="0" ci="3" mb="0" cb="0"/><line nr="97" mi="0" ci="1" mb="0" cb="0"/><line nr="104" mi="0" ci="20" mb="0" cb="0"/><line nr="105" mi="0" ci="1" mb="0" cb="0"/><line nr="113" mi="0" ci="13" mb="0" cb="0"/><line nr="114" mi="0" ci="13" mb="0" cb="0"/><line nr="116" mi="0" ci="8" mb="0" cb="0"/><line nr="118" mi="0" ci="5" mb="1" cb="1"/><line nr="119" mi="0" ci="15" mb="0" cb="0"/><line nr="120" mi="0" ci="15" mb="0" cb="0"/><line nr="122" mi="0" ci="7" mb="0" cb="0"/><line nr="123" mi="0" ci="11" mb="0" cb="0"/><line nr="124" mi="0" ci="7" mb="0" cb="0"/><line nr="125" mi="0" ci="11" mb="0" cb="0"/><line nr="127" mi="0" ci="15" mb="0" cb="6"/><line nr="128" mi="0" ci="3" mb="0" cb="0"/><line nr="129" mi="0" ci="16" mb="1" cb="5"/><line nr="130" mi="0" ci="3" mb="0" cb="0"/><line nr="131" mi="0" ci="13" mb="1" cb="3"/><line nr="132" mi="0" ci="3" mb="0" cb="2"/><line nr="133" mi="0" ci="3" mb="0" cb="0"/><line nr="134" mi="0" ci="4" mb="1" cb="1"/><line nr="135" mi="0" ci="3" mb="0" cb="0"/><line nr="137" mi="3" ci="4" mb="3" cb="1"/><line nr="138" mi="3" ci="0" mb="0" cb="0"/><line nr="139" mi="3" ci="0" mb="0" cb="0"/><line nr="140" mi="5" ci="0" mb="0" cb="0"/><line nr="141" mi="3" ci="0" mb="2" cb="0"/><line nr="142" mi="3" ci="0" mb="0" cb="0"/><line nr="144" mi="4" ci="3" mb="3" cb="1"/><line nr="145" mi="3" ci="0" mb="0" cb="0"/><line nr="146" mi="3" ci="0" mb="0" cb="0"/><line nr="147" mi="5" ci="0" mb="0" cb="0"/><line nr="148" mi="3" ci="0" mb="2" cb="0"/><line nr="149" mi="3" ci="0" mb="0" cb="0"/><line nr="151" mi="1" ci="6" mb="2" cb="2"/><line nr="152" mi="0" ci="3" mb="0" cb="0"/><line nr="153" mi="0" ci="3" mb="0" cb="0"/><line nr="154" mi="0" ci="5" mb="0" cb="0"/><line nr="155" mi="0" ci="3" mb="1" cb="1"/><line nr="156" mi="3" ci="0" mb="0" cb="0"/><line nr="158" mi="7" ci="0" mb="4" cb="0"/><line nr="159" mi="3" ci="0" mb="0" cb="0"/><line nr="160" mi="3" ci="0" mb="0" cb="0"/><line nr="161" mi="5" ci="0" mb="0" cb="0"/><line nr="162" mi="3" ci="0" mb="2" cb="0"/><line nr="163" mi="3" ci="0" mb="0" cb="0"/><line nr="166" mi="1" ci="0" mb="0" cb="0"/><line nr="168" mi="3" ci="0" mb="2" cb="0"/><line nr="169" mi="4" ci="0" mb="0" cb="0"/><line nr="170" mi="2" ci="0" mb="0" cb="0"/><line nr="171" mi="2" ci="0" mb="0" cb="0"/><line nr="172" mi="8" ci="0" mb="0" cb="0"/><line nr="173" mi="2" ci="0" mb="5" cb="0"/><line nr="175" mi="3" ci="0" mb="0" cb="0"/><line nr="176" mi="1" ci="0" mb="0" cb="0"/><line nr="178" mi="3" ci="0" mb="0" cb="0"/><line nr="179" mi="1" ci="0" mb="0" cb="0"/><line nr="181" mi="3" ci="0" mb="0" cb="0"/><line nr="182" mi="1" ci="0" mb="0" cb="0"/><line nr="184" mi="3" ci="0" mb="0" cb="0"/><line nr="185" mi="1" ci="0" mb="0" cb="0"/><line nr="190" mi="6" ci="0" mb="0" cb="0"/><line nr="191" mi="4" ci="0" mb="2" cb="0"/><line nr="192" mi="3" ci="0" mb="0" cb="0"/><line nr="195" mi="0" ci="1" mb="0" cb="0"/><counter type="INSTRUCTION" missed="138" covered="360"/><counter type="BRANCH" missed="37" covered="30"/><counter type="LINE" missed="39" covered="59"/><counter type="COMPLEXITY" missed="27" covered="15"/><counter type="METHOD" missed="0" covered="5"/><counter type="CLASS" missed="0" covered="1"/></sourcefile><sourcefile name="PathFinder.java"><line nr="10" mi="0" ci="5" mb="0" cb="0"/><line nr="11" mi="0" ci="5" mb="0" cb="0"/><line nr="13" mi="0" ci="3" mb="0" cb="0"/><line nr="14" mi="0" ci="3" mb="0" cb="0"/><line nr="19" mi="0" ci="2" mb="0" cb="0"/><line nr="20" mi="0" ci="3" mb="0" cb="0"/><line nr="21" mi="0" ci="2" mb="0" cb="0"/><line nr="22" mi="0" ci="1" mb="0" cb="0"/><line nr="28" mi="0" ci="13" mb="0" cb="0"/><line nr="29" mi="0" ci="2" mb="0" cb="0"/><line nr="31" mi="0" ci="8" mb="0" cb="2"/><line nr="32" mi="0" ci="2" mb="0" cb="0"/><line nr="33" mi="0" ci="8" mb="0" cb="2"/><line nr="34" mi="0" ci="11" mb="0" cb="0"/><line nr="35" mi="0" ci="1" mb="0" cb="0"/><line nr="37" mi="0" ci="1" mb="0" cb="0"/><line nr="39" mi="0" ci="1" mb="0" cb="0"/><line nr="45" mi="0" ci="2" mb="0" cb="0"/><line nr="46" mi="0" ci="8" mb="0" cb="2"/><line nr="47" mi="0" ci="2" mb="0" cb="0"/><line nr="48" mi="0" ci="8" mb="0" cb="2"/><line nr="49" mi="0" ci="8" mb="0" cb="0"/><line nr="50" mi="0" ci="8" mb="0" cb="0"/><line nr="51" mi="0" ci="8" mb="0" cb="0"/><line nr="52" mi="0" ci="1" mb="0" cb="0"/><line nr="54" mi="0" ci="1" mb="0" cb="0"/><line nr="57" mi="0" ci="3" mb="0" cb="0"/><line nr="58" mi="0" ci="3" mb="0" cb="0"/><line nr="59" mi="0" ci="3" mb="0" cb="0"/><line nr="60" mi="0" ci="3" mb="0" cb="0"/><line nr="61" mi="0" ci="1" mb="0" cb="0"/><line nr="71" mi="0" ci="2" mb="0" cb="0"/><line nr="73" mi="0" ci="8" mb="0" cb="0"/><line nr="74" mi="0" ci="4" mb="0" cb="0"/><line nr="75" mi="0" ci="8" mb="0" cb="0"/><line nr="76" mi="0" ci="6" mb="0" cb="0"/><line nr="78" mi="0" ci="2" mb="0" cb="0"/><line nr="80" mi="0" ci="8" mb="0" cb="2"/><line nr="81" mi="0" ci="2" mb="0" cb="0"/><line nr="82" mi="0" ci="8" mb="0" cb="2"/><line nr="83" mi="0" ci="9" mb="0" cb="0"/><line nr="84" mi="0" ci="16" mb="0" cb="4"/><line nr="85" mi="0" ci="8" mb="0" cb="0"/><line nr="88" mi="0" ci="8" mb="0" cb="0"/><line nr="89" mi="0" ci="1" mb="0" cb="0"/><line nr="91" mi="0" ci="1" mb="0" cb="0"/><line nr="94" mi="0" ci="1" mb="0" cb="0"/><line nr="103" mi="0" ci="8" mb="0" cb="0"/><line nr="104" mi="0" ci="8" mb="0" cb="0"/><line nr="105" mi="0" ci="5" mb="0" cb="0"/><line nr="109" mi="0" ci="8" mb="0" cb="0"/><line nr="110" mi="0" ci="8" mb="0" cb="0"/><line nr="111" mi="0" ci="5" mb="0" cb="0"/><line nr="115" mi="0" ci="7" mb="0" cb="0"/><line nr="116" mi="0" ci="1" mb="0" cb="0"/><line nr="123" mi="0" ci="8" mb="1" cb="3"/><line nr="124" mi="0" ci="4" mb="0" cb="0"/><line nr="125" mi="0" ci="4" mb="0" cb="0"/><line nr="126" mi="0" ci="4" mb="0" cb="0"/><line nr="127" mi="0" ci="6" mb="0" cb="0"/><line nr="129" mi="0" ci="4" mb="1" cb="1"/><line nr="130" mi="0" ci="10" mb="0" cb="0"/><line nr="132" mi="0" ci="9" mb="1" cb="1"/><line nr="133" mi="0" ci="10" mb="0" cb="0"/><line nr="135" mi="0" ci="4" mb="1" cb="1"/><line nr="136" mi="0" ci="10" mb="0" cb="0"/><line nr="138" mi="0" ci="9" mb="1" cb="1"/><line nr="139" mi="0" ci="10" mb="0" cb="0"/><line nr="142" mi="0" ci="2" mb="0" cb="0"/><line nr="143" mi="0" ci="2" mb="0" cb="0"/><line nr="145" mi="0" ci="9" mb="0" cb="2"/><line nr="146" mi="0" ci="8" mb="0" cb="2"/><line nr="147" mi="0" ci="7" mb="0" cb="0"/><line nr="148" mi="0" ci="2" mb="0" cb="0"/><line nr="149" mi="0" ci="1" mb="0" cb="0"/><line nr="150" mi="0" ci="8" mb="0" cb="2"/><line nr="151" mi="0" ci="13" mb="0" cb="2"/><line nr="152" mi="0" ci="2" mb="0" cb="0"/><line nr="156" mi="0" ci="4" mb="1" cb="1"/><line nr="157" mi="1" ci="0" mb="0" cb="0"/><line nr="159" mi="0" ci="7" mb="0" cb="0"/><line nr="160" mi="0" ci="5" mb="0" cb="2"/><line nr="161" mi="0" ci="3" mb="0" cb="0"/><line nr="162" mi="0" ci="2" mb="0" cb="0"/><line nr="164" mi="0" ci="6" mb="0" cb="0"/><line nr="167" mi="0" ci="3" mb="0" cb="0"/><line nr="174" mi="0" ci="9" mb="0" cb="6"/><line nr="175" mi="0" ci="3" mb="0" cb="0"/><line nr="176" mi="0" ci="4" mb="0" cb="0"/><line nr="177" mi="0" ci="5" mb="0" cb="0"/><line nr="179" mi="0" ci="1" mb="0" cb="0"/><line nr="185" mi="0" ci="3" mb="0" cb="0"/><line nr="187" mi="0" ci="5" mb="0" cb="2"/><line nr="188" mi="0" ci="5" mb="0" cb="0"/><line nr="189" mi="0" ci="3" mb="0" cb="0"/><line nr="191" mi="0" ci="1" mb="0" cb="0"/><counter type="INSTRUCTION" missed="1" covered="487"/><counter type="BRANCH" missed="6" covered="42"/><counter type="LINE" missed="1" covered="95"/><counter type="COMPLEXITY" missed="6" covered="26"/><counter type="METHOD" missed="0" covered="8"/><counter type="CLASS" missed="0" covered="1"/></sourcefile><sourcefile name="Node.java"><line nr="19" mi="0" ci="2" mb="0" cb="0"/><line nr="20" mi="0" ci="3" mb="0" cb="0"/><line nr="21" mi="0" ci="3" mb="0" cb="0"/><line nr="22" mi="0" ci="1" mb="0" cb="0"/><counter type="INSTRUCTION" missed="0" covered="9"/><counter type="LINE" missed="0" covered="4"/><counter type="COMPLEXITY" missed="0" covered="1"/><counter type="METHOD" missed="0" covered="1"/><counter type="CLASS" missed="0" covered="1"/></sourcefile><sourcefile name="Board.java"><line nr="16" mi="0" ci="3" mb="0" cb="0"/><line nr="24" mi="0" ci="2" mb="0" cb="0"/><line nr="25" mi="0" ci="3" mb="0" cb="0"/><line nr="26" mi="0" ci="11" mb="0" cb="0"/><line nr="27" mi="0" ci="4" mb="0" cb="0"/><line nr="28" mi="0" ci="3" mb="0" cb="0"/><line nr="29" mi="0" ci="1" mb="0" cb="0"/><line nr="36" mi="0" ci="3" mb="0" cb="0"/><line nr="38" mi="0" ci="5" mb="0" cb="0"/><line nr="39" mi="0" ci="8" mb="0" cb="0"/><line nr="40" mi="0" ci="4" mb="0" cb="0"/><line nr="42" mi="0" ci="15" mb="1" cb="3"/><line nr="43" mi="0" ci="3" mb="0" cb="0"/><line nr="44" mi="0" ci="4" mb="0" cb="0"/><line nr="45" mi="0" ci="8" mb="0" cb="2"/><line nr="46" mi="0" ci="10" mb="0" cb="0"/><line nr="48" mi="0" ci="8" mb="0" cb="2"/><line nr="49" mi="0" ci="6" mb="0" cb="0"/><line nr="52" mi="0" ci="8" mb="0" cb="2"/><line nr="53" mi="0" ci="6" mb="0" cb="0"/><line nr="55" mi="0" ci="8" mb="0" cb="2"/><line nr="56" mi="0" ci="6" mb="0" cb="0"/><line nr="58" mi="0" ci="1" mb="0" cb="0"/><line nr="60" mi="0" ci="2" mb="0" cb="0"/><line nr="61" mi="0" ci="1" mb="0" cb="0"/><line nr="63" mi="1" ci="1" mb="0" cb="0"/><line nr="64" mi="2" ci="0" mb="0" cb="0"/><line nr="66" mi="0" ci="2" mb="0" cb="0"/><line nr="67" mi="0" ci="1" mb="0" cb="0"/><line nr="84" mi="0" ci="7" mb="0" cb="0"/><line nr="85" mi="0" ci="10" mb="0" cb="0"/><line nr="87" mi="0" ci="7" mb="0" cb="0"/><line nr="88" mi="0" ci="10" mb="0" cb="0"/><line nr="90" mi="0" ci="6" mb="0" cb="0"/><line nr="92" mi="0" ci="7" mb="0" cb="0"/><line nr="93" mi="0" ci="10" mb="0" cb="0"/><line nr="94" mi="0" ci="6" mb="0" cb="0"/><line nr="96" mi="0" ci="7" mb="0" cb="0"/><line nr="97" mi="0" ci="10" mb="0" cb="0"/><line nr="98" mi="0" ci="6" mb="0" cb="0"/><line nr="99" mi="0" ci="6" mb="0" cb="0"/><line nr="101" mi="0" ci="7" mb="0" cb="0"/><line nr="102" mi="0" ci="10" mb="0" cb="0"/><line nr="103" mi="0" ci="6" mb="0" cb="0"/><line nr="104" mi="0" ci="6" mb="0" cb="0"/><line nr="106" mi="0" ci="7" mb="0" cb="0"/><line nr="107" mi="0" ci="10" mb="0" cb="0"/><line nr="108" mi="0" ci="6" mb="0" cb="0"/><line nr="109" mi="0" ci="6" mb="0" cb="0"/><line nr="111" mi="0" ci="7" mb="0" cb="0"/><line nr="112" mi="0" ci="10" mb="0" cb="0"/><line nr="113" mi="0" ci="6" mb="0" cb="0"/><line nr="115" mi="0" ci="7" mb="0" cb="0"/><line nr="116" mi="0" ci="10" mb="0" cb="0"/><line nr="117" mi="0" ci="6" mb="0" cb="0"/><line nr="119" mi="0" ci="7" mb="0" cb="0"/><line nr="120" mi="0" ci="10" mb="0" cb="0"/><line nr="122" mi="0" ci="7" mb="0" cb="0"/><line nr="123" mi="0" ci="10" mb="0" cb="0"/><line nr="125" mi="1" ci="1" mb="0" cb="0"/><line nr="126" mi="2" ci="0" mb="0" cb="0"/><line nr="128" mi="0" ci="1" mb="0" cb="0"/><line nr="138" mi="0" ci="2" mb="0" cb="0"/><line nr="139" mi="0" ci="2" mb="0" cb="0"/><line nr="140" mi="0" ci="2" mb="0" cb="0"/><line nr="141" mi="0" ci="2" mb="0" cb="0"/><line nr="142" mi="0" ci="15" mb="1" cb="3"/><line nr="144" mi="0" ci="32" mb="0" cb="8"/><line nr="145" mi="0" ci="21" mb="0" cb="0"/><line nr="148" mi="0" ci="8" mb="0" cb="2"/><line nr="149" mi="0" ci="3" mb="0" cb="0"/><line nr="150" mi="0" ci="3" mb="0" cb="0"/><line nr="153" mi="0" ci="8" mb="0" cb="2"/><line nr="154" mi="0" ci="21" mb="0" cb="0"/><line nr="157" mi="0" ci="26" mb="0" cb="0"/><line nr="158" mi="0" ci="1" mb="0" cb="0"/><line nr="159" mi="0" ci="8" mb="0" cb="0"/><line nr="160" mi="0" ci="7" mb="0" cb="2"/><line nr="161" mi="0" ci="2" mb="0" cb="0"/><line nr="162" mi="0" ci="1" mb="0" cb="0"/><line nr="163" mi="0" ci="2" mb="0" cb="0"/><line nr="164" mi="0" ci="8" mb="0" cb="0"/><line nr="167" mi="0" ci="1" mb="0" cb="0"/><line nr="175" mi="0" ci="8" mb="0" cb="2"/><line nr="176" mi="0" ci="6" mb="0" cb="0"/><line nr="177" mi="0" ci="3" mb="1" cb="1"/><line nr="178" mi="0" ci="2" mb="0" cb="0"/><line nr="181" mi="0" ci="7" mb="0" cb="0"/><line nr="182" mi="0" ci="1" mb="0" cb="0"/><line nr="188" mi="0" ci="6" mb="0" cb="0"/><line nr="189" mi="0" ci="10" mb="0" cb="0"/><line nr="190" mi="0" ci="1" mb="0" cb="0"/><counter type="INSTRUCTION" missed="6" covered="588"/><counter type="BRANCH" missed="3" covered="31"/><counter type="LINE" missed="2" covered="90"/><counter type="COMPLEXITY" missed="3" covered="20"/><counter type="METHOD" missed="0" covered="6"/><counter type="CLASS" missed="0" covered="1"/></sourcefile><sourcefile name="Entity.java"><line nr="12" mi="0" ci="3" mb="0" cb="0"/><line nr="21" mi="0" ci="3" mb="0" cb="0"/><line nr="24" mi="0" ci="3" mb="0" cb="0"/><line nr="25" mi="0" ci="3" mb="0" cb="0"/><line nr="28" mi="0" ci="6" mb="0" cb="0"/><line nr="29" mi="0" ci="6" mb="0" cb="0"/><line nr="30" mi="0" ci="6" mb="0" cb="0"/><line nr="31" mi="0" ci="6" mb="0" cb="0"/><line nr="34" mi="0" ci="3" mb="0" cb="0"/><line nr="45" mi="0" ci="5" mb="0" cb="3"/><line nr="47" mi="0" ci="7" mb="0" cb="2"/><line nr="48" mi="0" ci="10" mb="0" cb="0"/><line nr="49" mi="0" ci="10" mb="0" cb="0"/><line nr="50" mi="0" ci="10" mb="0" cb="0"/><line nr="51" mi="0" ci="10" mb="0" cb="0"/><line nr="53" mi="0" ci="1" mb="0" cb="0"/><line nr="55" mi="0" ci="7" mb="0" cb="2"/><line nr="56" mi="0" ci="10" mb="0" cb="0"/><line nr="57" mi="0" ci="10" mb="0" cb="0"/><line nr="58" mi="0" ci="10" mb="0" cb="0"/><line nr="59" mi="0" ci="10" mb="0" cb="0"/><line nr="63" mi="1" ci="1" mb="0" cb="0"/><line nr="64" mi="2" ci="0" mb="0" cb="0"/><line nr="66" mi="0" ci="1" mb="0" cb="0"/><line nr="74" mi="0" ci="2" mb="0" cb="0"/><line nr="75" mi="0" ci="6" mb="2" cb="3"/><line nr="77" mi="9" ci="0" mb="0" cb="0"/><line nr="78" mi="1" ci="0" mb="0" cb="0"/><line nr="80" mi="9" ci="0" mb="0" cb="0"/><line nr="81" mi="1" ci="0" mb="0" cb="0"/><line nr="83" mi="0" ci="9" mb="0" cb="0"/><line nr="84" mi="0" ci="1" mb="0" cb="0"/><line nr="86" mi="0" ci="9" mb="0" cb="0"/><line nr="90" mi="0" ci="2" mb="0" cb="0"/><counter type="INSTRUCTION" missed="23" covered="170"/><counter type="BRANCH" missed="2" covered="10"/><counter type="LINE" missed="5" covered="29"/><counter type="COMPLEXITY" missed="2" covered="9"/><counter type="METHOD" missed="0" covered="3"/><counter type="CLASS" missed="0" covered="1"/></sourcefile><sourcefile name="KeyHandler.java"><line nr="17" mi="0" ci="2" mb="0" cb="0"/><line nr="18" mi="0" ci="3" mb="0" cb="0"/><line nr="19" mi="0" ci="3" mb="0" cb="0"/><line nr="20" mi="0" ci="1" mb="0" cb="0"/><line nr="28" mi="0" ci="3" mb="0" cb="0"/><line nr="30" mi="0" ci="3" mb="5" cb="3"/><line nr="32" mi="0" ci="3" mb="1" cb="5"/><line nr="34" mi="0" ci="3" mb="0" cb="0"/><line nr="35" mi="0" ci="1" mb="0" cb="0"/><line nr="37" mi="0" ci="3" mb="0" cb="0"/><line nr="38" mi="0" ci="1" mb="0" cb="0"/><line nr="40" mi="0" ci="3" mb="0" cb="0"/><line nr="41" mi="0" ci="1" mb="0" cb="0"/><line nr="43" mi="0" ci="3" mb="0" cb="0"/><line nr="44" mi="0" ci="1" mb="0" cb="0"/><line nr="46" mi="0" ci="3" mb="0" cb="0"/><line nr="49" mi="0" ci="1" mb="0" cb="0"/><line nr="52" mi="0" ci="3" mb="1" cb="2"/><line nr="54" mi="0" ci="4" mb="1" cb="1"/><line nr="55" mi="0" ci="3" mb="0" cb="0"/><line nr="57" mi="0" ci="1" mb="0" cb="0"/><line nr="59" mi="0" ci="4" mb="1" cb="1"/><line nr="60" mi="0" ci="4" mb="0" cb="0"/><line nr="61" mi="0" ci="3" mb="0" cb="0"/><line nr="65" mi="0" ci="1" mb="0" cb="0"/><line nr="68" mi="0" ci="2" mb="2" cb="2"/><line nr="70" mi="0" ci="2" mb="0" cb="2"/><line nr="71" mi="0" ci="3" mb="0" cb="0"/><line nr="72" mi="0" ci="3" mb="0" cb="0"/><line nr="74" mi="0" ci="3" mb="0" cb="2"/><line nr="75" mi="0" ci="3" mb="0" cb="0"/><line nr="77" mi="0" ci="3" mb="1" cb="1"/><line nr="78" mi="2" ci="0" mb="0" cb="0"/><line nr="80" mi="1" ci="0" mb="0" cb="0"/><line nr="82" mi="4" ci="0" mb="0" cb="0"/><line nr="83" mi="2" ci="0" mb="2" cb="0"/><line nr="84" mi="2" ci="0" mb="0" cb="0"/><line nr="86" mi="1" ci="0" mb="0" cb="0"/><line nr="88" mi="0" ci="4" mb="0" cb="0"/><line nr="89" mi="0" ci="3" mb="1" cb="1"/><line nr="90" mi="2" ci="0" mb="0" cb="0"/><line nr="94" mi="1" ci="0" mb="0" cb="0"/><line nr="97" mi="3" ci="0" mb="4" cb="0"/><line nr="99" mi="2" ci="0" mb="2" cb="0"/><line nr="100" mi="3" ci="0" mb="0" cb="0"/><line nr="102" mi="3" ci="0" mb="2" cb="0"/><line nr="103" mi="2" ci="0" mb="0" cb="0"/><line nr="105" mi="1" ci="0" mb="0" cb="0"/><line nr="107" mi="4" ci="0" mb="0" cb="0"/><line nr="108" mi="2" ci="0" mb="2" cb="0"/><line nr="109" mi="2" ci="0" mb="0" cb="0"/><line nr="111" mi="1" ci="0" mb="0" cb="0"/><line nr="113" mi="4" ci="0" mb="0" cb="0"/><line nr="114" mi="3" ci="0" mb="2" cb="0"/><line nr="115" mi="2" ci="0" mb="0" cb="0"/><line nr="119" mi="1" ci="0" mb="0" cb="0"/><line nr="122" mi="4" ci="0" mb="0" cb="0"/><line nr="123" mi="3" ci="0" mb="2" cb="0"/><line nr="125" mi="4" ci="0" mb="0" cb="0"/><line nr="126" mi="3" ci="0" mb="0" cb="0"/><line nr="129" mi="1" ci="0" mb="0" cb="0"/><line nr="132" mi="3" ci="0" mb="4" cb="0"/><line nr="134" mi="2" ci="0" mb="2" cb="0"/><line nr="135" mi="3" ci="0" mb="0" cb="0"/><line nr="137" mi="3" ci="0" mb="2" cb="0"/><line nr="138" mi="3" ci="0" mb="0" cb="0"/><line nr="140" mi="3" ci="0" mb="2" cb="0"/><line nr="141" mi="2" ci="0" mb="0" cb="0"/><line nr="143" mi="1" ci="0" mb="0" cb="0"/><line nr="145" mi="4" ci="0" mb="0" cb="0"/><line nr="146" mi="2" ci="0" mb="2" cb="0"/><line nr="147" mi="2" ci="0" mb="0" cb="0"/><line nr="149" mi="1" ci="0" mb="0" cb="0"/><line nr="151" mi="4" ci="0" mb="0" cb="0"/><line nr="152" mi="3" ci="0" mb="2" cb="0"/><line nr="153" mi="2" ci="0" mb="0" cb="0"/><line nr="157" mi="1" ci="0" mb="0" cb="0"/><line nr="160" mi="3" ci="0" mb="4" cb="0"/><line nr="162" mi="2" ci="0" mb="2" cb="0"/><line nr="163" mi="3" ci="0" mb="0" cb="0"/><line nr="165" mi="3" ci="0" mb="2" cb="0"/><line nr="166" mi="2" ci="0" mb="0" cb="0"/><line nr="168" mi="1" ci="0" mb="0" cb="0"/><line nr="170" mi="4" ci="0" mb="0" cb="0"/><line nr="171" mi="2" ci="0" mb="2" cb="0"/><line nr="172" mi="2" ci="0" mb="0" cb="0"/><line nr="174" mi="1" ci="0" mb="0" cb="0"/><line nr="176" mi="4" ci="0" mb="0" cb="0"/><line nr="177" mi="3" ci="0" mb="2" cb="0"/><line nr="178" mi="2" ci="0" mb="0" cb="0"/><line nr="184" mi="0" ci="1" mb="0" cb="0"/><line nr="192" mi="0" ci="3" mb="1" cb="4"/><line nr="194" mi="0" ci="3" mb="0" cb="0"/><line nr="195" mi="0" ci="1" mb="0" cb="0"/><line nr="197" mi="0" ci="3" mb="0" cb="0"/><line nr="198" mi="0" ci="1" mb="0" cb="0"/><line nr="200" mi="0" ci="3" mb="0" cb="0"/><line nr="201" mi="0" ci="1" mb="0" cb="0"/><line nr="203" mi="0" ci="3" mb="0" cb="0"/><line nr="206" mi="0" ci="1" mb="0" cb="0"/><line nr="214" mi="1" ci="0" mb="0" cb="0"/><counter type="INSTRUCTION" missed="135" covered="107"/><counter type="BRANCH" missed="56" covered="24"/><counter type="LINE" missed="57" covered="44"/><counter type="COMPLEXITY" missed="39" covered="16"/><counter type="METHOD" missed="1" covered="3"/><counter type="CLASS" missed="0" covered="1"/></sourcefile><sourcefile name="PopUp.java"><line nr="16" mi="0" ci="3" mb="0" cb="0"/><line nr="22" mi="0" ci="2" mb="0" cb="0"/><line nr="23" mi="0" ci="3" mb="0" cb="0"/><line nr="26" mi="0" ci="5" mb="0" cb="0"/><line nr="27" mi="4" ci="3" mb="1" cb="1"/><line nr="28" mi="0" ci="5" mb="0" cb="0"/><line nr="30" mi="0" ci="5" mb="0" cb="0"/><line nr="31" mi="4" ci="3" mb="1" cb="1"/><line nr="32" mi="0" ci="5" mb="0" cb="0"/><line nr="33" mi="1" ci="1" mb="0" cb="0"/><line nr="34" mi="2" ci="0" mb="0" cb="0"/><line nr="36" mi="0" ci="10" mb="0" cb="0"/><line nr="37" mi="0" ci="10" mb="0" cb="0"/><line nr="38" mi="0" ci="1" mb="0" cb="0"/><line nr="45" mi="0" ci="4" mb="0" cb="0"/><line nr="46" mi="0" ci="3" mb="0" cb="0"/><line nr="47" mi="0" ci="5" mb="0" cb="0"/><line nr="48" mi="0" ci="1" mb="0" cb="0"/><line nr="61" mi="0" ci="9" mb="0" cb="0"/><line nr="62" mi="0" ci="8" mb="0" cb="0"/><line nr="63" mi="0" ci="3" mb="0" cb="0"/><line nr="64" mi="0" ci="5" mb="0" cb="0"/><line nr="66" mi="0" ci="3" mb="0" cb="2"/><line nr="67" mi="0" ci="7" mb="0" cb="0"/><line nr="69" mi="0" ci="1" mb="0" cb="0"/><line nr="82" mi="0" ci="9" mb="0" cb="0"/><line nr="83" mi="0" ci="8" mb="0" cb="0"/><line nr="84" mi="0" ci="3" mb="0" cb="0"/><line nr="85" mi="0" ci="5" mb="0" cb="0"/><line nr="86" mi="0" ci="1" mb="0" cb="0"/><line nr="97" mi="0" ci="9" mb="0" cb="0"/><line nr="98" mi="0" ci="8" mb="0" cb="0"/><line nr="99" mi="0" ci="3" mb="0" cb="0"/><line nr="100" mi="0" ci="5" mb="0" cb="0"/><line nr="101" mi="0" ci="1" mb="0" cb="0"/><line nr="114" mi="0" ci="13" mb="0" cb="0"/><line nr="115" mi="0" ci="5" mb="0" cb="0"/><line nr="116" mi="0" ci="1" mb="0" cb="0"/><line nr="126" mi="0" ci="9" mb="0" cb="0"/><line nr="127" mi="0" ci="1" mb="0" cb="0"/><counter type="INSTRUCTION" missed="11" covered="186"/><counter type="BRANCH" missed="2" covered="4"/><counter type="LINE" missed="1" covered="39"/><counter type="COMPLEXITY" missed="2" covered="9"/><counter type="METHOD" missed="0" covered="8"/><counter type="CLASS" missed="0" covered="1"/></sourcefile><sourcefile name="Main.java"><line nr="8" mi="3" ci="0" mb="0" cb="0"/><line nr="14" mi="0" ci="5" mb="0" cb="0"/><line nr="15" mi="0" ci="4" mb="0" cb="0"/><line nr="16" mi="0" ci="4" mb="0" cb="0"/><line nr="17" mi="0" ci="2" mb="0" cb="0"/><line nr="18" mi="0" ci="3" mb="0" cb="0"/><line nr="19" mi="0" ci="3" mb="0" cb="0"/><line nr="20" mi="0" ci="3" mb="0" cb="0"/><line nr="21" mi="0" ci="2" mb="0" cb="0"/><line nr="22" mi="0" ci="3" mb="0" cb="0"/><line nr="23" mi="0" ci="1" mb="0" cb="0"/><counter type="INSTRUCTION" missed="3" covered="30"/><counter type="LINE" missed="1" covered="10"/><counter type="COMPLEXITY" missed="1" covered="1"/><counter type="METHOD" missed="1" covered="1"/><counter type="CLASS" missed="0" covered="1"/></sourcefile><sourcefile name="Cell.java"><line nr="8" mi="0" ci="3" mb="0" cb="0"/><line nr="11" mi="0" ci="3" mb="0" cb="0"/><line nr="12" mi="0" ci="3" mb="0" cb="0"/><counter type="INSTRUCTION" missed="0" covered="9"/><counter type="LINE" missed="0" covered="3"/><counter type="COMPLEXITY" missed="0" covered="1"/><counter type="METHOD" missed="0" covered="1"/><counter type="CLASS" missed="0" covered="1"/></sourcefile><sourcefile name="CollisionHandler.java"><line nr="12" mi="0" ci="3" mb="0" cb="0"/><line nr="18" mi="0" ci="2" mb="0" cb="0"/><line nr="19" mi="0" ci="3" mb="0" cb="0"/><line nr="20" mi="0" ci="1" mb="0" cb="0"/><line nr="28" mi="0" ci="3" mb="0" cb="0"/><line nr="31" mi="0" ci="7" mb="0" cb="0"/><line nr="32" mi="0" ci="11" mb="0" cb="0"/><line nr="33" mi="0" ci="7" mb="0" cb="0"/><line nr="34" mi="0" ci="11" mb="0" cb="0"/><line nr="36" mi="0" ci="8" mb="0" cb="0"/><line nr="37" mi="0" ci="8" mb="0" cb="0"/><line nr="38" mi="0" ci="8" mb="0" cb="0"/><line nr="39" mi="0" ci="8" mb="0" cb="0"/><line nr="42" mi="0" ci="6" mb="0" cb="5"/><line nr="47" mi="0" ci="11" mb="0" cb="0"/><line nr="48" mi="0" ci="7" mb="0" cb="2"/><line nr="49" mi="0" ci="1" mb="0" cb="0"/><line nr="52" mi="0" ci="9" mb="0" cb="0"/><line nr="53" mi="0" ci="9" mb="0" cb="0"/><line nr="55" mi="0" ci="16" mb="1" cb="3"/><line nr="57" mi="0" ci="3" mb="0" cb="0"/><line nr="59" mi="0" ci="8" mb="0" cb="0"/><line nr="61" mi="0" ci="1" mb="0" cb="0"/><line nr="65" mi="0" ci="11" mb="0" cb="0"/><line nr="66" mi="0" ci="7" mb="0" cb="2"/><line nr="67" mi="0" ci="1" mb="0" cb="0"/><line nr="69" mi="0" ci="9" mb="0" cb="0"/><line nr="70" mi="0" ci="9" mb="0" cb="0"/><line nr="71" mi="0" ci="16" mb="1" cb="3"/><line nr="72" mi="0" ci="3" mb="0" cb="0"/><line nr="73" mi="0" ci="8" mb="0" cb="0"/><line nr="75" mi="0" ci="1" mb="0" cb="0"/><line nr="78" mi="0" ci="11" mb="0" cb="0"/><line nr="79" mi="0" ci="7" mb="0" cb="2"/><line nr="80" mi="0" ci="1" mb="0" cb="0"/><line nr="82" mi="0" ci="9" mb="0" cb="0"/><line nr="83" mi="0" ci="9" mb="0" cb="0"/><line nr="84" mi="0" ci="16" mb="1" cb="3"/><line nr="85" mi="0" ci="3" mb="0" cb="0"/><line nr="86" mi="0" ci="8" mb="0" cb="0"/><line nr="88" mi="0" ci="1" mb="0" cb="0"/><line nr="91" mi="0" ci="11" mb="0" cb="0"/><line nr="92" mi="0" ci="7" mb="0" cb="2"/><line nr="93" mi="0" ci="1" mb="0" cb="0"/><line nr="95" mi="0" ci="9" mb="0" cb="0"/><line nr="96" mi="0" ci="9" mb="0" cb="0"/><line nr="97" mi="0" ci="16" mb="1" cb="3"/><line nr="98" mi="0" ci="3" mb="0" cb="0"/><line nr="100" mi="0" ci="8" mb="0" cb="0"/><line nr="104" mi="0" ci="1" mb="0" cb="0"/><line nr="114" mi="6" ci="0" mb="4" cb="0"/><line nr="115" mi="10" ci="0" mb="0" cb="0"/><line nr="116" mi="6" ci="0" mb="0" cb="0"/><line nr="117" mi="1" ci="0" mb="0" cb="0"/><line nr="119" mi="3" ci="0" mb="2" cb="0"/><line nr="120" mi="10" ci="0" mb="0" cb="0"/><line nr="121" mi="6" ci="0" mb="0" cb="0"/><line nr="122" mi="1" ci="0" mb="0" cb="0"/><line nr="124" mi="3" ci="0" mb="2" cb="0"/><line nr="125" mi="6" ci="0" mb="0" cb="0"/><line nr="127" mi="1" ci="0" mb="0" cb="0"/><line nr="137" mi="0" ci="22" mb="0" cb="0"/><line nr="138" mi="0" ci="22" mb="0" cb="0"/><line nr="139" mi="0" ci="4" mb="0" cb="0"/><line nr="152" mi="0" ci="18" mb="3" cb="5"/><line nr="153" mi="0" ci="5" mb="0" cb="0"/><line nr="154" mi="0" ci="2" mb="0" cb="0"/><line nr="156" mi="0" ci="2" mb="0" cb="0"/><line nr="160" mi="0" ci="4" mb="1" cb="1"/><line nr="161" mi="0" ci="12" mb="4" cb="4"/><line nr="162" mi="5" ci="0" mb="0" cb="0"/><line nr="163" mi="3" ci="0" mb="2" cb="0"/><line nr="164" mi="4" ci="0" mb="0" cb="0"/><line nr="166" mi="1" ci="12" mb="4" cb="4"/><line nr="167" mi="5" ci="0" mb="0" cb="0"/><line nr="168" mi="3" ci="0" mb="2" cb="0"/><line nr="169" mi="4" ci="0" mb="0" cb="0"/><line nr="172" mi="8" ci="8" mb="9" cb="3"/><line nr="173" mi="4" ci="0" mb="0" cb="0"/><line nr="175" mi="1" ci="0" mb="0" cb="0"/><line nr="177" mi="18" ci="0" mb="12" cb="0"/><line nr="178" mi="12" ci="0" mb="8" cb="0"/><line nr="179" mi="4" ci="0" mb="0" cb="0"/><line nr="182" mi="0" ci="1" mb="0" cb="0"/><counter type="INSTRUCTION" missed="125" covered="458"/><counter type="BRANCH" missed="57" covered="42"/><counter type="LINE" missed="22" covered="62"/><counter type="COMPLEXITY" missed="39" covered="18"/><counter type="METHOD" missed="1" covered="5"/><counter type="CLASS" missed="0" covered="1"/></sourcefile><sourcefile name="Game.java"><line nr="35" mi="0" ci="3" mb="0" cb="0"/><line nr="36" mi="0" ci="3" mb="0" cb="0"/><line nr="37" mi="0" ci="3" mb="0" cb="0"/><line nr="38" mi="0" ci="3" mb="0" cb="0"/><line nr="39" mi="0" ci="3" mb="0" cb="0"/><line nr="40" mi="0" ci="3" mb="0" cb="0"/><line nr="41" mi="0" ci="3" mb="0" cb="0"/><line nr="42" mi="0" ci="3" mb="0" cb="0"/><line nr="45" mi="0" ci="6" mb="0" cb="0"/><line nr="46" mi="0" ci="6" mb="0" cb="0"/><line nr="49" mi="0" ci="3" mb="0" cb="0"/><line nr="50" mi="0" ci="3" mb="0" cb="0"/><line nr="51" mi="0" ci="8" mb="0" cb="0"/><line nr="52" mi="0" ci="8" mb="0" cb="0"/><line nr="53" mi="0" ci="6" mb="0" cb="0"/><line nr="54" mi="0" ci="3" mb="0" cb="0"/><line nr="59" mi="0" ci="2" mb="0" cb="0"/><line nr="60" mi="0" ci="7" mb="0" cb="0"/><line nr="61" mi="0" ci="3" mb="0" cb="0"/><line nr="62" mi="0" ci="3" mb="0" cb="0"/><line nr="63" mi="0" ci="4" mb="0" cb="0"/><line nr="64" mi="0" ci="3" mb="0" cb="0"/><line nr="65" mi="0" ci="8" mb="0" cb="0"/><line nr="66" mi="0" ci="8" mb="0" cb="0"/><line nr="67" mi="0" ci="4" mb="0" cb="0"/><line nr="68" mi="0" ci="1" mb="0" cb="0"/><line nr="76" mi="0" ci="6" mb="0" cb="0"/><line nr="77" mi="0" ci="3" mb="0" cb="0"/><line nr="79" mi="0" ci="1" mb="0" cb="0"/><line nr="87" mi="0" ci="2" mb="0" cb="0"/><line nr="88" mi="0" ci="2" mb="0" cb="0"/><line nr="90" mi="0" ci="2" mb="0" cb="0"/><line nr="91" mi="0" ci="4" mb="1" cb="1"/><line nr="92" mi="0" ci="2" mb="0" cb="0"/><line nr="93" mi="0" ci="9" mb="0" cb="0"/><line nr="94" mi="0" ci="2" mb="0" cb="0"/><line nr="95" mi="0" ci="4" mb="0" cb="2"/><line nr="96" mi="0" ci="2" mb="0" cb="0"/><line nr="97" mi="0" ci="2" mb="0" cb="0"/><line nr="98" mi="0" ci="4" mb="0" cb="0"/><line nr="101" mi="1" ci="0" mb="0" cb="0"/><line nr="110" mi="0" ci="4" mb="0" cb="2"/><line nr="111" mi="0" ci="3" mb="0" cb="0"/><line nr="112" mi="0" ci="9" mb="0" cb="0"/><line nr="113" mi="0" ci="8" mb="1" cb="1"/><line nr="114" mi="4" ci="0" mb="0" cb="0"/><line nr="117" mi="0" ci="1" mb="0" cb="0"/><line nr="124" mi="0" ci="3" mb="0" cb="0"/><line nr="125" mi="0" ci="3" mb="0" cb="0"/><line nr="126" mi="0" ci="5" mb="0" cb="2"/><line nr="127" mi="0" ci="7" mb="0" cb="0"/><line nr="128" mi="0" ci="3" mb="0" cb="0"/><line nr="129" mi="0" ci="4" mb="0" cb="0"/><line nr="132" mi="0" ci="9" mb="0" cb="0"/><line nr="133" mi="0" ci="9" mb="0" cb="0"/><line nr="134" mi="0" ci="9" mb="0" cb="0"/><line nr="135" mi="0" ci="9" mb="0" cb="0"/><line nr="136" mi="0" ci="9" mb="0" cb="0"/><line nr="140" mi="0" ci="11" mb="0" cb="0"/><line nr="141" mi="0" ci="11" mb="0" cb="0"/><line nr="142" mi="0" ci="11" mb="0" cb="0"/><line nr="143" mi="0" ci="11" mb="0" cb="0"/><line nr="144" mi="0" ci="11" mb="0" cb="0"/><line nr="145" mi="1" ci="1" mb="0" cb="0"/><line nr="146" mi="2" ci="0" mb="0" cb="0"/><line nr="149" mi="1" ci="5" mb="0" cb="2"/><line nr="150" mi="0" ci="4" mb="0" cb="0"/><line nr="152" mi="0" ci="8" mb="0" cb="0"/><line nr="153" mi="0" ci="8" mb="0" cb="0"/><line nr="154" mi="0" ci="8" mb="0" cb="0"/><line nr="155" mi="0" ci="8" mb="0" cb="0"/><line nr="156" mi="0" ci="8" mb="0" cb="0"/><line nr="159" mi="0" ci="13" mb="0" cb="0"/><line nr="160" mi="0" ci="13" mb="0" cb="0"/><line nr="161" mi="0" ci="13" mb="0" cb="0"/><line nr="162" mi="0" ci="13" mb="0" cb="0"/><line nr="163" mi="0" ci="13" mb="0" cb="0"/><line nr="164" mi="0" ci="13" mb="0" cb="0"/><line nr="166" mi="0" ci="8" mb="0" cb="0"/><line nr="167" mi="1" ci="1" mb="0" cb="0"/><line nr="168" mi="2" ci="0" mb="0" cb="0"/><line nr="170" mi="1" ci="0" mb="0" cb="0"/><line nr="171" mi="0" ci="4" mb="0" cb="0"/><line nr="172" mi="0" ci="4" mb="0" cb="0"/><line nr="173" mi="0" ci="4" mb="0" cb="0"/><line nr="175" mi="0" ci="5" mb="1" cb="1"/><line nr="176" mi="4" ci="0" mb="0" cb="0"/><line nr="177" mi="4" ci="0" mb="0" cb="0"/><line nr="178" mi="9" ci="0" mb="0" cb="0"/><line nr="179" mi="9" ci="0" mb="0" cb="0"/><line nr="180" mi="11" ci="0" mb="0" cb="0"/><line nr="181" mi="17" ci="0" mb="0" cb="0"/><line nr="183" mi="1" ci="0" mb="0" cb="0"/><line nr="185" mi="0" ci="5" mb="1" cb="1"/><line nr="186" mi="4" ci="0" mb="0" cb="0"/><line nr="187" mi="4" ci="0" mb="0" cb="0"/><line nr="188" mi="9" ci="0" mb="0" cb="0"/><line nr="189" mi="9" ci="0" mb="0" cb="0"/><line nr="190" mi="9" ci="0" mb="0" cb="0"/><line nr="191" mi="11" ci="0" mb="0" cb="0"/><line nr="192" mi="17" ci="0" mb="0" cb="0"/><line nr="194" mi="1" ci="0" mb="0" cb="0"/><line nr="196" mi="0" ci="5" mb="1" cb="1"/><line nr="197" mi="4" ci="0" mb="0" cb="0"/><line nr="198" mi="4" ci="0" mb="0" cb="0"/><line nr="199" mi="8" ci="0" mb="0" cb="0"/><line nr="200" mi="9" ci="0" mb="0" cb="0"/><line nr="201" mi="9" ci="0" mb="0" cb="0"/><line nr="202" mi="11" ci="0" mb="0" cb="0"/><line nr="203" mi="17" ci="0" mb="0" cb="0"/><line nr="207" mi="0" ci="5" mb="1" cb="1"/><line nr="209" mi="8" ci="0" mb="0" cb="0"/><line nr="210" mi="3" ci="0" mb="0" cb="0"/><line nr="211" mi="6" ci="0" mb="0" cb="0"/><line nr="212" mi="8" ci="0" mb="0" cb="0"/><line nr="213" mi="8" ci="0" mb="0" cb="0"/><line nr="214" mi="8" ci="0" mb="0" cb="0"/><line nr="218" mi="11" ci="0" mb="0" cb="0"/><line nr="219" mi="11" ci="0" mb="0" cb="0"/><line nr="220" mi="2" ci="0" mb="0" cb="0"/><line nr="221" mi="2" ci="0" mb="0" cb="0"/><line nr="225" mi="0" ci="2" mb="0" cb="0"/><line nr="226" mi="0" ci="1" mb="0" cb="0"/><line nr="232" mi="4" ci="0" mb="0" cb="0"/><line nr="233" mi="3" ci="0" mb="0" cb="0"/><line nr="234" mi="3" ci="0" mb="0" cb="0"/><line nr="235" mi="5" ci="0" mb="0" cb="0"/><line nr="236" mi="3" ci="0" mb="0" cb="0"/><line nr="237" mi="4" ci="0" mb="0" cb="0"/><line nr="238" mi="1" ci="0" mb="0" cb="0"/><line nr="244" mi="0" ci="5" mb="1" cb="1"/><line nr="245" mi="6" ci="0" mb="0" cb="0"/><line nr="247" mi="0" ci="4" mb="0" cb="2"/><line nr="248" mi="0" ci="4" mb="0" cb="0"/><line nr="249" mi="0" ci="1" mb="0" cb="0"/><line nr="251" mi="0" ci="5" mb="0" cb="0"/><line nr="252" mi="0" ci="5" mb="0" cb="0"/><line nr="253" mi="0" ci="3" mb="0" cb="0"/><line nr="254" mi="0" ci="4" mb="0" cb="0"/><line nr="255" mi="0" ci="4" mb="0" cb="0"/><line nr="256" mi="0" ci="1" mb="0" cb="0"/><counter type="INSTRUCTION" missed="290" covered="513"/><counter type="BRANCH" missed="7" covered="17"/><counter type="LINE" missed="45" covered="96"/><counter type="COMPLEXITY" missed="8" covered="11"/><counter type="METHOD" missed="1" covered="6"/><counter type="CLASS" missed="0" covered="1"/></sourcefile><sourcefile name="Player.java"><line nr="20" mi="0" ci="3" mb="0" cb="0"/><line nr="26" mi="0" ci="2" mb="0" cb="0"/><line nr="27" mi="0" ci="3" mb="0" cb="0"/><line nr="28" mi="0" ci="3" mb="0" cb="0"/><line nr="29" mi="0" ci="3" mb="0" cb="0"/><line nr="30" mi="0" ci="3" mb="0" cb="0"/><line nr="31" mi="0" ci="17" mb="0" cb="0"/><line nr="32" mi="0" ci="3" mb="0" cb="0"/><line nr="33" mi="0" ci="3" mb="0" cb="0"/><line nr="34" mi="0" ci="3" mb="0" cb="0"/><line nr="35" mi="0" ci="1" mb="0" cb="0"/><line nr="43" mi="0" ci="9" mb="0" cb="0"/><line nr="44" mi="0" ci="9" mb="0" cb="0"/><line nr="45" mi="0" ci="1" mb="0" cb="0"/><line nr="51" mi="0" ci="12" mb="0" cb="0"/><line nr="53" mi="0" ci="16" mb="0" cb="8"/><line nr="54" mi="0" ci="4" mb="0" cb="2"/><line nr="55" mi="0" ci="3" mb="0" cb="0"/><line nr="56" mi="0" ci="5" mb="0" cb="2"/><line nr="57" mi="0" ci="3" mb="0" cb="0"/><line nr="58" mi="0" ci="5" mb="0" cb="2"/><line nr="59" mi="0" ci="3" mb="0" cb="0"/><line nr="60" mi="0" ci="5" mb="1" cb="1"/><line nr="61" mi="0" ci="3" mb="0" cb="0"/><line nr="64" mi="0" ci="3" mb="0" cb="0"/><line nr="65" mi="0" ci="5" mb="0" cb="0"/><line nr="67" mi="0" ci="3" mb="0" cb="2"/><line nr="68" mi="0" ci="4" mb="0" cb="2"/><line nr="69" mi="0" ci="7" mb="0" cb="0"/><line nr="70" mi="0" ci="5" mb="0" cb="2"/><line nr="71" mi="0" ci="7" mb="0" cb="0"/><line nr="72" mi="0" ci="5" mb="0" cb="2"/><line nr="73" mi="0" ci="7" mb="0" cb="0"/><line nr="74" mi="0" ci="5" mb="1" cb="1"/><line nr="75" mi="0" ci="7" mb="0" cb="0"/><line nr="78" mi="0" ci="6" mb="0" cb="0"/><line nr="79" mi="0" ci="4" mb="0" cb="2"/><line nr="80" mi="0" ci="4" mb="0" cb="2"/><line nr="81" mi="0" ci="3" mb="0" cb="0"/><line nr="82" mi="0" ci="1" mb="0" cb="0"/><line nr="83" mi="0" ci="4" mb="0" cb="2"/><line nr="84" mi="0" ci="3" mb="0" cb="0"/><line nr="85" mi="0" ci="1" mb="0" cb="0"/><line nr="86" mi="0" ci="4" mb="0" cb="2"/><line nr="87" mi="0" ci="3" mb="0" cb="0"/><line nr="88" mi="0" ci="1" mb="0" cb="0"/><line nr="89" mi="0" ci="4" mb="1" cb="1"/><line nr="90" mi="0" ci="3" mb="0" cb="0"/><line nr="92" mi="0" ci="3" mb="0" cb="0"/><line nr="96" mi="0" ci="6" mb="0" cb="0"/><line nr="97" mi="0" ci="4" mb="0" cb="2"/><line nr="98" mi="0" ci="3" mb="1" cb="2"/><line nr="102" mi="0" ci="6" mb="0" cb="0"/><line nr="103" mi="0" ci="1" mb="0" cb="0"/><line nr="106" mi="0" ci="3" mb="0" cb="0"/><line nr="109" mi="0" ci="3" mb="0" cb="0"/><line nr="112" mi="15" ci="5" mb="3" cb="1"/><line nr="113" mi="15" ci="0" mb="0" cb="0"/><line nr="116" mi="0" ci="3" mb="1" cb="1"/><line nr="117" mi="4" ci="0" mb="0" cb="0"/><line nr="119" mi="0" ci="1" mb="0" cb="0"/><line nr="126" mi="0" ci="7" mb="0" cb="0"/><line nr="128" mi="0" ci="28" mb="0" cb="0"/><line nr="129" mi="0" ci="25" mb="0" cb="0"/><line nr="130" mi="0" ci="25" mb="0" cb="0"/><line nr="134" mi="0" ci="24" mb="0" cb="0"/><line nr="135" mi="1" ci="1" mb="0" cb="0"/><line nr="136" mi="2" ci="0" mb="0" cb="0"/><line nr="140" mi="0" ci="32" mb="1" cb="1"/><line nr="141" mi="0" ci="3" mb="0" cb="0"/><line nr="144" mi="0" ci="3" mb="1" cb="1"/><line nr="145" mi="25" ci="0" mb="0" cb="0"/><line nr="146" mi="20" ci="0" mb="0" cb="0"/><line nr="147" mi="5" ci="0" mb="0" cb="0"/><line nr="148" mi="25" ci="0" mb="0" cb="0"/><line nr="149" mi="5" ci="0" mb="0" cb="0"/><line nr="150" mi="1" ci="0" mb="0" cb="0"/><line nr="153" mi="0" ci="20" mb="0" cb="0"/><line nr="155" mi="0" ci="1" mb="0" cb="0"/><line nr="163" mi="0" ci="7" mb="0" cb="0"/><line nr="164" mi="0" ci="1" mb="0" cb="0"/><line nr="172" mi="0" ci="7" mb="0" cb="0"/><line nr="173" mi="0" ci="1" mb="0" cb="0"/><line nr="179" mi="0" ci="3" mb="0" cb="0"/><line nr="180" mi="0" ci="1" mb="0" cb="0"/><line nr="186" mi="0" ci="3" mb="0" cb="0"/><line nr="187" mi="0" ci="9" mb="0" cb="0"/><line nr="188" mi="0" ci="9" mb="0" cb="0"/><line nr="189" mi="0" ci="1" mb="0" cb="0"/><counter type="INSTRUCTION" missed="118" covered="470"/><counter type="BRANCH" missed="10" covered="41"/><counter type="LINE" missed="9" covered="80"/><counter type="COMPLEXITY" missed="9" covered="25"/><counter type="METHOD" missed="0" covered="8"/><counter type="CLASS" missed="0" covered="1"/></sourcefile><counter type="INSTRUCTION" missed="850" covered="3387"/><counter type="BRANCH" missed="180" covered="241"/><counter type="LINE" missed="182" covered="611"/><counter type="COMPLEXITY" missed="136" covered="152"/><counter type="METHOD" missed="4" covered="55"/><counter type="CLASS" missed="0" covered="12"/></package><counter type="INSTRUCTION" missed="850" covered="3387"/><counter type="BRANCH" missed="180" covered="241"/><counter type="LINE" missed="182" covered="611"/><counter type="COMPLEXITY" missed="136" covered="152"/><counter type="METHOD" missed="4" covered="55"/><counter type="CLASS" missed="0" covered="12"/></report>